%!Adobe-FontList 1.22
%Locale:0x409

%BeginFont
Handler:DirectoryHandler
FontType:TrueType
FontName:FiraSans-Bold
FamilyName:Fira Sans
StyleName:Bold
FullName:Fira Sans Bold
MenuName:Fira Sans
StyleBits:2
WritingScript:Roman
OutlineFileName:C:\Users\Lily Bowman\Desktop\Feb2021\GRC\BowmanLily_FoCo3Brochure Folder\Document fonts\FiraSans-Bold.ttf
DataFormat:sfntData
hasSVG:no
VariableFontType:NonVariableFont
FileLength:473492
FileModTime:1612839304
WeightClass:700
WidthClass:5
AngleClass:0
NameArray:0,Win,1,Fira Sans
%EndFont

%BeginFont
Handler:DirectoryHandler
FontType:TrueType
FontName:FiraSans-Italic
FamilyName:Fira Sans
StyleName:Italic
FullName:Fira Sans Italic
MenuName:Fira Sans
StyleBits:1
WritingScript:Roman
OutlineFileName:C:\Users\Lily Bowman\Desktop\Feb2021\GRC\BowmanLily_FoCo3Brochure Folder\Document fonts\FiraSans-Italic.ttf
DataFormat:sfntData
hasSVG:no
VariableFontType:NonVariableFont
FileLength:456032
FileModTime:1612839301
WeightClass:400
WidthClass:5
AngleClass:1
NameArray:0,Win,1,Fira Sans
%EndFont

%BeginFont
Handler:DirectoryHandler
FontType:TrueType
FontName:FiraSans-Regular
FamilyName:Fira Sans
StyleName:Regular
FullName:Fira Sans Regular
MenuName:Fira Sans
StyleBits:0
WritingScript:Roman
OutlineFileName:C:\Users\Lily Bowman\Desktop\Feb2021\GRC\BowmanLily_FoCo3Brochure Folder\Document fonts\FiraSans-Regular.ttf
DataFormat:sfntData
hasSVG:no
VariableFontType:NonVariableFont
FileLength:440560
FileModTime:1612839302
WeightClass:400
WidthClass:5
AngleClass:0
NameArray:0,Win,1,Fira Sans
%EndFont

